<?xml version="1.0" encoding="UTF-8"?>
<!-- Generated by org.testng.reporters.JUnitXMLReporter -->
<testsuite ignored="0" hostname="Priya" failures="0" tests="6" name="Test" time="0.056" errors="0" timestamp="2019-04-15T12:36:46 PDT">
  <testcase classname="frameworkmaven.SeleniumTest" name="browserUI" time="0.008"/>
  <testcase classname="frameworkmaven.SeleniumTest" name="webelementsUI" time="0.0"/>
  <testcase classname="frameworkmaven.RestAPITest" name="postman" time="0.0"/>
  <testcase classname="frameworkmaven.RestAPITest" name="soapui" time="0.0"/>
  <testcase classname="frameworkmaven.AppiumTest" name="appinstall" time="0.0"/>
  <testcase classname="frameworkmaven.AppiumTest" name="mobileapp" time="0.001"/>
</testsuite> <!-- Test -->
